SF:lib/models/task_model.dart
DA:7,1
DA:14,1
DA:15,1
DA:16,1
DA:17,1
DA:18,1
DA:19,1
DA:23,1
DA:24,1
DA:25,1
DA:26,1
DA:27,1
DA:28,1
DA:31,1
DA:34,1
DA:35,3
DA:36,0
DA:37,0
DA:38,0
DA:41,1
DA:42,11
LF:21
LH:18
end_of_record
SF:lib/providers/task_provider.dart
DA:15,2
DA:16,0
DA:17,0
DA:18,0
DA:19,0
DA:23,0
DA:24,0
DA:25,0
DA:27,0
DA:28,0
DA:29,0
DA:30,0
DA:31,0
DA:33,0
DA:34,0
DA:39,1
DA:40,1
DA:43,1
DA:44,1
DA:45,1
DA:46,3
DA:47,1
DA:48,1
DA:51,1
DA:53,2
DA:54,2
DA:55,3
DA:56,1
DA:62,0
DA:65,0
DA:66,0
DA:67,0
DA:68,0
DA:69,0
DA:76,0
DA:78,0
DA:79,0
DA:80,0
LF:38
LH:14
end_of_record
SF:lib/services/task_services.dart
DA:15,1
DA:16,0
DA:17,0
DA:18,0
DA:19,0
DA:20,0
DA:21,0
DA:23,0
DA:26,1
DA:27,1
DA:28,3
DA:29,1
DA:30,2
DA:36,2
DA:37,3
DA:38,2
DA:41,0
DA:45,1
DA:46,1
DA:47,5
DA:48,1
DA:51,1
DA:52,1
DA:53,2
DA:54,5
DA:57,0
DA:58,0
DA:59,0
DA:60,0
DA:61,0
DA:65,0
DA:66,0
DA:67,0
DA:68,0
DA:70,0
DA:74,0
DA:75,0
DA:76,0
DA:77,0
DA:78,0
DA:79,0
DA:83,0
DA:84,0
DA:87,0
DA:88,0
DA:89,0
DA:90,0
DA:91,0
DA:92,0
DA:99,0
DA:101,0
DA:103,0
LF:52
LH:17
end_of_record
